<?xml version="1.0" encoding="UTF-8"?>
<!-- Generated by org.testng.reporters.JUnitReportReporter -->
<testsuite hostname="HiccupDaDrgn" failures="0" tests="1" name="tests.googleTest" time="0.009" errors="0" timestamp="2020-12-11T16:49:47 PKT" skipped="0">
  <testcase classname="tests.googleTest" name="f" time="0.009"/>
  <system-out/>
</testsuite> <!-- tests.googleTest -->
