<?xml version="1.0" encoding="UTF-8"?>
<!-- Generated by org.testng.reporters.JUnitReportReporter -->
<testsuite hostname="HiccupDaDrgn" failures="0" tests="1" name="tests.Tester" time="6.466" errors="0" timestamp="2020-12-11T17:45:05 PKT" skipped="0">
  <testcase classname="tests.Tester" name="f" time="6.466"/>
  <system-out/>
</testsuite> <!-- tests.Tester -->
